<?xml version="1.0" encoding="UTF-8"?>
<testsuite xmlns:xsi="http://www.w3.org/2001/XMLSchema-instance" xsi:noNamespaceSchemaLocation="https://maven.apache.org/surefire/maven-surefire-plugin/xsd/surefire-test-report-3.0.xsd" version="3.0" name="com.AppTest" time="0.035" tests="1" errors="0" skipped="0" failures="0">
  <properties>
    <property name="sun.desktop" value="windows"/>
    <property name="awt.toolkit" value="sun.awt.windows.WToolkit"/>
    <property name="java.specification.version" value="11"/>
    <property name="sun.cpu.isalist" value="amd64"/>
    <property name="sun.jnu.encoding" value="GBK"/>
    <property name="java.class.path" value="C:\Users\asus\Desktop\金融大数据\Homework_5\homework_5_2\homework\target\test-classes;C:\Users\asus\Desktop\金融大数据\Homework_5\homework_5_2\homework\target\classes;C:\Users\asus\.m2\repository\org\apache\hadoop\hadoop-common\3.4.0\hadoop-common-3.4.0.jar;C:\Users\asus\.m2\repository\org\apache\hadoop\thirdparty\hadoop-shaded-protobuf_3_21\1.2.0\hadoop-shaded-protobuf_3_21-1.2.0.jar;C:\Users\asus\.m2\repository\org\apache\hadoop\hadoop-annotations\3.4.0\hadoop-annotations-3.4.0.jar;C:\Users\asus\.m2\repository\org\apache\hadoop\thirdparty\hadoop-shaded-guava\1.2.0\hadoop-shaded-guava-1.2.0.jar;C:\Users\asus\.m2\repository\com\google\guava\guava\27.0-jre\guava-27.0-jre.jar;C:\Users\asus\.m2\repository\com\google\guava\failureaccess\1.0\failureaccess-1.0.jar;C:\Users\asus\.m2\repository\com\google\guava\listenablefuture\9999.0-empty-to-avoid-conflict-with-guava\listenablefuture-9999.0-empty-to-avoid-conflict-with-guava.jar;C:\Users\asus\.m2\repository\org\checkerframework\checker-qual\2.5.2\checker-qual-2.5.2.jar;C:\Users\asus\.m2\repository\com\google\j2objc\j2objc-annotations\1.1\j2objc-annotations-1.1.jar;C:\Users\asus\.m2\repository\org\codehaus\mojo\animal-sniffer-annotations\1.17\animal-sniffer-annotations-1.17.jar;C:\Users\asus\.m2\repository\commons-cli\commons-cli\1.5.0\commons-cli-1.5.0.jar;C:\Users\asus\.m2\repository\org\apache\commons\commons-math3\3.6.1\commons-math3-3.6.1.jar;C:\Users\asus\.m2\repository\org\apache\httpcomponents\httpclient\4.5.13\httpclient-4.5.13.jar;C:\Users\asus\.m2\repository\org\apache\httpcomponents\httpcore\4.4.13\httpcore-4.4.13.jar;C:\Users\asus\.m2\repository\commons-codec\commons-codec\1.15\commons-codec-1.15.jar;C:\Users\asus\.m2\repository\commons-io\commons-io\2.14.0\commons-io-2.14.0.jar;C:\Users\asus\.m2\repository\commons-net\commons-net\3.9.0\commons-net-3.9.0.jar;C:\Users\asus\.m2\repository\commons-collections\commons-collections\3.2.2\commons-collections-3.2.2.jar;C:\Users\asus\.m2\repository\javax\servlet\javax.servlet-api\3.1.0\javax.servlet-api-3.1.0.jar;C:\Users\asus\.m2\repository\jakarta\activation\jakarta.activation-api\1.2.1\jakarta.activation-api-1.2.1.jar;C:\Users\asus\.m2\repository\org\eclipse\jetty\jetty-server\9.4.53.v20231009\jetty-server-9.4.53.v20231009.jar;C:\Users\asus\.m2\repository\org\eclipse\jetty\jetty-http\9.4.53.v20231009\jetty-http-9.4.53.v20231009.jar;C:\Users\asus\.m2\repository\org\eclipse\jetty\jetty-io\9.4.53.v20231009\jetty-io-9.4.53.v20231009.jar;C:\Users\asus\.m2\repository\org\eclipse\jetty\jetty-util\9.4.53.v20231009\jetty-util-9.4.53.v20231009.jar;C:\Users\asus\.m2\repository\org\eclipse\jetty\jetty-servlet\9.4.53.v20231009\jetty-servlet-9.4.53.v20231009.jar;C:\Users\asus\.m2\repository\org\eclipse\jetty\jetty-security\9.4.53.v20231009\jetty-security-9.4.53.v20231009.jar;C:\Users\asus\.m2\repository\org\eclipse\jetty\jetty-util-ajax\9.4.53.v20231009\jetty-util-ajax-9.4.53.v20231009.jar;C:\Users\asus\.m2\repository\org\eclipse\jetty\jetty-webapp\9.4.53.v20231009\jetty-webapp-9.4.53.v20231009.jar;C:\Users\asus\.m2\repository\org\eclipse\jetty\jetty-xml\9.4.53.v20231009\jetty-xml-9.4.53.v20231009.jar;C:\Users\asus\.m2\repository\javax\servlet\jsp\jsp-api\2.1\jsp-api-2.1.jar;C:\Users\asus\.m2\repository\com\sun\jersey\jersey-core\1.19.4\jersey-core-1.19.4.jar;C:\Users\asus\.m2\repository\javax\ws\rs\jsr311-api\1.1.1\jsr311-api-1.1.1.jar;C:\Users\asus\.m2\repository\com\sun\jersey\jersey-servlet\1.19.4\jersey-servlet-1.19.4.jar;C:\Users\asus\.m2\repository\com\github\pjfanning\jersey-json\1.20\jersey-json-1.20.jar;C:\Users\asus\.m2\repository\com\sun\xml\bind\jaxb-impl\2.2.3-1\jaxb-impl-2.2.3-1.jar;C:\Users\asus\.m2\repository\org\codehaus\jettison\jettison\1.5.4\jettison-1.5.4.jar;C:\Users\asus\.m2\repository\com\sun\jersey\jersey-server\1.19.4\jersey-server-1.19.4.jar;C:\Users\asus\.m2\repository\ch\qos\reload4j\reload4j\1.2.22\reload4j-1.2.22.jar;C:\Users\asus\.m2\repository\commons-beanutils\commons-beanutils\1.9.4\commons-beanutils-1.9.4.jar;C:\Users\asus\.m2\repository\org\apache\commons\commons-configuration2\2.8.0\commons-configuration2-2.8.0.jar;C:\Users\asus\.m2\repository\org\apache\commons\commons-lang3\3.12.0\commons-lang3-3.12.0.jar;C:\Users\asus\.m2\repository\org\apache\commons\commons-text\1.10.0\commons-text-1.10.0.jar;C:\Users\asus\.m2\repository\org\slf4j\slf4j-api\1.7.36\slf4j-api-1.7.36.jar;C:\Users\asus\.m2\repository\org\slf4j\slf4j-reload4j\1.7.36\slf4j-reload4j-1.7.36.jar;C:\Users\asus\.m2\repository\org\apache\avro\avro\1.9.2\avro-1.9.2.jar;C:\Users\asus\.m2\repository\com\fasterxml\jackson\core\jackson-core\2.10.2\jackson-core-2.10.2.jar;C:\Users\asus\.m2\repository\com\google\re2j\re2j\1.1\re2j-1.1.jar;C:\Users\asus\.m2\repository\com\google\code\gson\gson\2.9.0\gson-2.9.0.jar;C:\Users\asus\.m2\repository\org\apache\hadoop\hadoop-auth\3.4.0\hadoop-auth-3.4.0.jar;C:\Users\asus\.m2\repository\com\nimbusds\nimbus-jose-jwt\9.31\nimbus-jose-jwt-9.31.jar;C:\Users\asus\.m2\repository\com\github\stephenc\jcip\jcip-annotations\1.0-1\jcip-annotations-1.0-1.jar;C:\Users\asus\.m2\repository\org\apache\curator\curator-framework\5.2.0\curator-framework-5.2.0.jar;C:\Users\asus\.m2\repository\org\apache\kerby\kerb-simplekdc\2.0.3\kerb-simplekdc-2.0.3.jar;C:\Users\asus\.m2\repository\org\apache\kerby\kerb-client\2.0.3\kerb-client-2.0.3.jar;C:\Users\asus\.m2\repository\org\apache\kerby\kerby-config\2.0.3\kerby-config-2.0.3.jar;C:\Users\asus\.m2\repository\org\apache\kerby\kerb-common\2.0.3\kerb-common-2.0.3.jar;C:\Users\asus\.m2\repository\org\apache\kerby\kerb-crypto\2.0.3\kerb-crypto-2.0.3.jar;C:\Users\asus\.m2\repository\org\apache\kerby\kerb-util\2.0.3\kerb-util-2.0.3.jar;C:\Users\asus\.m2\repository\org\apache\kerby\token-provider\2.0.3\token-provider-2.0.3.jar;C:\Users\asus\.m2\repository\org\apache\kerby\kerb-admin\2.0.3\kerb-admin-2.0.3.jar;C:\Users\asus\.m2\repository\org\apache\kerby\kerb-server\2.0.3\kerb-server-2.0.3.jar;C:\Users\asus\.m2\repository\org\apache\kerby\kerb-identity\2.0.3\kerb-identity-2.0.3.jar;C:\Users\asus\.m2\repository\org\apache\kerby\kerby-xdr\2.0.3\kerby-xdr-2.0.3.jar;C:\Users\asus\.m2\repository\com\jcraft\jsch\0.1.55\jsch-0.1.55.jar;C:\Users\asus\.m2\repository\org\apache\curator\curator-client\5.2.0\curator-client-5.2.0.jar;C:\Users\asus\.m2\repository\org\apache\curator\curator-recipes\5.2.0\curator-recipes-5.2.0.jar;C:\Users\asus\.m2\repository\com\google\code\findbugs\jsr305\3.0.2\jsr305-3.0.2.jar;C:\Users\asus\.m2\repository\org\apache\zookeeper\zookeeper\3.8.3\zookeeper-3.8.3.jar;C:\Users\asus\.m2\repository\org\apache\zookeeper\zookeeper-jute\3.8.3\zookeeper-jute-3.8.3.jar;C:\Users\asus\.m2\repository\org\apache\yetus\audience-annotations\0.12.0\audience-annotations-0.12.0.jar;C:\Users\asus\.m2\repository\ch\qos\logback\logback-core\1.2.10\logback-core-1.2.10.jar;C:\Users\asus\.m2\repository\ch\qos\logback\logback-classic\1.2.10\logback-classic-1.2.10.jar;C:\Users\asus\.m2\repository\io\netty\netty-handler\4.1.100.Final\netty-handler-4.1.100.Final.jar;C:\Users\asus\.m2\repository\io\netty\netty-common\4.1.100.Final\netty-common-4.1.100.Final.jar;C:\Users\asus\.m2\repository\io\netty\netty-resolver\4.1.100.Final\netty-resolver-4.1.100.Final.jar;C:\Users\asus\.m2\repository\io\netty\netty-buffer\4.1.100.Final\netty-buffer-4.1.100.Final.jar;C:\Users\asus\.m2\repository\io\netty\netty-transport\4.1.100.Final\netty-transport-4.1.100.Final.jar;C:\Users\asus\.m2\repository\io\netty\netty-transport-native-unix-common\4.1.100.Final\netty-transport-native-unix-common-4.1.100.Final.jar;C:\Users\asus\.m2\repository\io\netty\netty-codec\4.1.100.Final\netty-codec-4.1.100.Final.jar;C:\Users\asus\.m2\repository\io\netty\netty-transport-native-epoll\4.1.100.Final\netty-transport-native-epoll-4.1.100.Final.jar;C:\Users\asus\.m2\repository\io\netty\netty-transport-classes-epoll\4.1.100.Final\netty-transport-classes-epoll-4.1.100.Final.jar;C:\Users\asus\.m2\repository\io\dropwizard\metrics\metrics-core\3.2.4\metrics-core-3.2.4.jar;C:\Users\asus\.m2\repository\org\apache\commons\commons-compress\1.24.0\commons-compress-1.24.0.jar;C:\Users\asus\.m2\repository\org\bouncycastle\bcprov-jdk15on\1.70\bcprov-jdk15on-1.70.jar;C:\Users\asus\.m2\repository\org\apache\kerby\kerb-core\2.0.3\kerb-core-2.0.3.jar;C:\Users\asus\.m2\repository\org\apache\kerby\kerby-pkix\2.0.3\kerby-pkix-2.0.3.jar;C:\Users\asus\.m2\repository\org\apache\kerby\kerby-asn1\2.0.3\kerby-asn1-2.0.3.jar;C:\Users\asus\.m2\repository\org\apache\kerby\kerby-util\2.0.3\kerby-util-2.0.3.jar;C:\Users\asus\.m2\repository\com\fasterxml\jackson\core\jackson-databind\2.12.7.1\jackson-databind-2.12.7.1.jar;C:\Users\asus\.m2\repository\com\fasterxml\jackson\core\jackson-annotations\2.12.7\jackson-annotations-2.12.7.jar;C:\Users\asus\.m2\repository\org\codehaus\woodstox\stax2-api\4.2.1\stax2-api-4.2.1.jar;C:\Users\asus\.m2\repository\com\fasterxml\woodstox\woodstox-core\5.4.0\woodstox-core-5.4.0.jar;C:\Users\asus\.m2\repository\dnsjava\dnsjava\3.4.0\dnsjava-3.4.0.jar;C:\Users\asus\.m2\repository\org\xerial\snappy\snappy-java\1.1.10.4\snappy-java-1.1.10.4.jar;C:\Users\asus\.m2\repository\org\apache\hadoop\hadoop-mapreduce-client-core\3.4.0\hadoop-mapreduce-client-core-3.4.0.jar;C:\Users\asus\.m2\repository\org\apache\hadoop\hadoop-yarn-client\3.4.0\hadoop-yarn-client-3.4.0.jar;C:\Users\asus\.m2\repository\org\eclipse\jetty\websocket\websocket-client\9.4.53.v20231009\websocket-client-9.4.53.v20231009.jar;C:\Users\asus\.m2\repository\org\eclipse\jetty\jetty-client\9.4.53.v20231009\jetty-client-9.4.53.v20231009.jar;C:\Users\asus\.m2\repository\org\eclipse\jetty\websocket\websocket-common\9.4.53.v20231009\websocket-common-9.4.53.v20231009.jar;C:\Users\asus\.m2\repository\org\eclipse\jetty\websocket\websocket-api\9.4.53.v20231009\websocket-api-9.4.53.v20231009.jar;C:\Users\asus\.m2\repository\org\jline\jline\3.9.0\jline-3.9.0.jar;C:\Users\asus\.m2\repository\org\apache\hadoop\hadoop-yarn-common\3.4.0\hadoop-yarn-common-3.4.0.jar;C:\Users\asus\.m2\repository\javax\xml\bind\jaxb-api\2.2.11\jaxb-api-2.2.11.jar;C:\Users\asus\.m2\repository\com\sun\jersey\jersey-client\1.19.4\jersey-client-1.19.4.jar;C:\Users\asus\.m2\repository\com\google\inject\guice\4.2.3\guice-4.2.3.jar;C:\Users\asus\.m2\repository\javax\inject\javax.inject\1\javax.inject-1.jar;C:\Users\asus\.m2\repository\aopalliance\aopalliance\1.0\aopalliance-1.0.jar;C:\Users\asus\.m2\repository\com\sun\jersey\contribs\jersey-guice\1.19.4\jersey-guice-1.19.4.jar;C:\Users\asus\.m2\repository\com\fasterxml\jackson\module\jackson-module-jaxb-annotations\2.12.7\jackson-module-jaxb-annotations-2.12.7.jar;C:\Users\asus\.m2\repository\jakarta\xml\bind\jakarta.xml.bind-api\2.3.2\jakarta.xml.bind-api-2.3.2.jar;C:\Users\asus\.m2\repository\com\fasterxml\jackson\jaxrs\jackson-jaxrs-json-provider\2.12.7\jackson-jaxrs-json-provider-2.12.7.jar;C:\Users\asus\.m2\repository\com\fasterxml\jackson\jaxrs\jackson-jaxrs-base\2.12.7\jackson-jaxrs-base-2.12.7.jar;C:\Users\asus\.m2\repository\org\apache\hadoop\hadoop-hdfs-client\3.4.0\hadoop-hdfs-client-3.4.0.jar;C:\Users\asus\.m2\repository\com\google\inject\extensions\guice-servlet\4.2.3\guice-servlet-4.2.3.jar;C:\Users\asus\.m2\repository\io\netty\netty-all\4.1.100.Final\netty-all-4.1.100.Final.jar;C:\Users\asus\.m2\repository\io\netty\netty-codec-dns\4.1.100.Final\netty-codec-dns-4.1.100.Final.jar;C:\Users\asus\.m2\repository\io\netty\netty-codec-haproxy\4.1.100.Final\netty-codec-haproxy-4.1.100.Final.jar;C:\Users\asus\.m2\repository\io\netty\netty-codec-http\4.1.100.Final\netty-codec-http-4.1.100.Final.jar;C:\Users\asus\.m2\repository\io\netty\netty-codec-http2\4.1.100.Final\netty-codec-http2-4.1.100.Final.jar;C:\Users\asus\.m2\repository\io\netty\netty-codec-memcache\4.1.100.Final\netty-codec-memcache-4.1.100.Final.jar;C:\Users\asus\.m2\repository\io\netty\netty-codec-mqtt\4.1.100.Final\netty-codec-mqtt-4.1.100.Final.jar;C:\Users\asus\.m2\repository\io\netty\netty-codec-redis\4.1.100.Final\netty-codec-redis-4.1.100.Final.jar;C:\Users\asus\.m2\repository\io\netty\netty-codec-smtp\4.1.100.Final\netty-codec-smtp-4.1.100.Final.jar;C:\Users\asus\.m2\repository\io\netty\netty-codec-socks\4.1.100.Final\netty-codec-socks-4.1.100.Final.jar;C:\Users\asus\.m2\repository\io\netty\netty-codec-stomp\4.1.100.Final\netty-codec-stomp-4.1.100.Final.jar;C:\Users\asus\.m2\repository\io\netty\netty-codec-xml\4.1.100.Final\netty-codec-xml-4.1.100.Final.jar;C:\Users\asus\.m2\repository\io\netty\netty-handler-proxy\4.1.100.Final\netty-handler-proxy-4.1.100.Final.jar;C:\Users\asus\.m2\repository\io\netty\netty-handler-ssl-ocsp\4.1.100.Final\netty-handler-ssl-ocsp-4.1.100.Final.jar;C:\Users\asus\.m2\repository\io\netty\netty-resolver-dns\4.1.100.Final\netty-resolver-dns-4.1.100.Final.jar;C:\Users\asus\.m2\repository\io\netty\netty-transport-rxtx\4.1.100.Final\netty-transport-rxtx-4.1.100.Final.jar;C:\Users\asus\.m2\repository\io\netty\netty-transport-sctp\4.1.100.Final\netty-transport-sctp-4.1.100.Final.jar;C:\Users\asus\.m2\repository\io\netty\netty-transport-udt\4.1.100.Final\netty-transport-udt-4.1.100.Final.jar;C:\Users\asus\.m2\repository\io\netty\netty-transport-classes-kqueue\4.1.100.Final\netty-transport-classes-kqueue-4.1.100.Final.jar;C:\Users\asus\.m2\repository\io\netty\netty-resolver-dns-classes-macos\4.1.100.Final\netty-resolver-dns-classes-macos-4.1.100.Final.jar;C:\Users\asus\.m2\repository\io\netty\netty-transport-native-epoll\4.1.100.Final\netty-transport-native-epoll-4.1.100.Final-linux-x86_64.jar;C:\Users\asus\.m2\repository\io\netty\netty-transport-native-epoll\4.1.100.Final\netty-transport-native-epoll-4.1.100.Final-linux-aarch_64.jar;C:\Users\asus\.m2\repository\io\netty\netty-transport-native-kqueue\4.1.100.Final\netty-transport-native-kqueue-4.1.100.Final-osx-x86_64.jar;C:\Users\asus\.m2\repository\io\netty\netty-transport-native-kqueue\4.1.100.Final\netty-transport-native-kqueue-4.1.100.Final-osx-aarch_64.jar;C:\Users\asus\.m2\repository\io\netty\netty-resolver-dns-native-macos\4.1.100.Final\netty-resolver-dns-native-macos-4.1.100.Final-osx-x86_64.jar;C:\Users\asus\.m2\repository\io\netty\netty-resolver-dns-native-macos\4.1.100.Final\netty-resolver-dns-native-macos-4.1.100.Final-osx-aarch_64.jar;C:\Users\asus\.m2\repository\org\apache\hadoop\hadoop-client\3.4.0\hadoop-client-3.4.0.jar;C:\Users\asus\.m2\repository\org\apache\hadoop\hadoop-yarn-api\3.4.0\hadoop-yarn-api-3.4.0.jar;C:\Users\asus\.m2\repository\com\google\protobuf\protobuf-java\2.5.0\protobuf-java-2.5.0.jar;C:\Users\asus\.m2\repository\org\apache\hadoop\hadoop-mapreduce-client-jobclient\3.4.0\hadoop-mapreduce-client-jobclient-3.4.0.jar;C:\Users\asus\.m2\repository\org\apache\hadoop\hadoop-mapreduce-client-common\3.4.0\hadoop-mapreduce-client-common-3.4.0.jar;C:\Users\asus\.m2\repository\commons-logging\commons-logging\1.2\commons-logging-1.2.jar;C:\Users\asus\.m2\repository\junit\junit\4.13.2\junit-4.13.2.jar;C:\Users\asus\.m2\repository\org\hamcrest\hamcrest-core\1.3\hamcrest-core-1.3.jar;C:\Users\asus\.m2\repository\com\opencsv\opencsv\5.7.1\opencsv-5.7.1.jar;C:\Users\asus\.m2\repository\org\apache\commons\commons-collections4\4.4\commons-collections4-4.4.jar;"/>
    <property name="java.vm.vendor" value="Oracle Corporation"/>
    <property name="sun.arch.data.model" value="64"/>
    <property name="user.variant" value=""/>
    <property name="java.vendor.url" value="https://openjdk.java.net/"/>
    <property name="user.timezone" value="Asia/Shanghai"/>
    <property name="java.vm.specification.version" value="11"/>
    <property name="os.name" value="Windows 11"/>
    <property name="sun.java.launcher" value="SUN_STANDARD"/>
    <property name="user.country" value="CN"/>
    <property name="sun.boot.library.path" value="C:\Program Files\Java\jdk-11\bin"/>
    <property name="sun.java.command" value="C:\Users\asus\AppData\Local\Temp\surefire6752098624164317361\surefirebooter-20241024191828633_3.jar C:\Users\asus\AppData\Local\Temp\surefire6752098624164317361 2024-10-24T19-18-27_443-jvmRun1 surefire-20241024191828633_1tmp surefire_0-20241024191828633_2tmp"/>
    <property name="jdk.debug" value="release"/>
    <property name="surefire.test.class.path" value="C:\Users\asus\Desktop\金融大数据\Homework_5\homework_5_2\homework\target\test-classes;C:\Users\asus\Desktop\金融大数据\Homework_5\homework_5_2\homework\target\classes;C:\Users\asus\.m2\repository\org\apache\hadoop\hadoop-common\3.4.0\hadoop-common-3.4.0.jar;C:\Users\asus\.m2\repository\org\apache\hadoop\thirdparty\hadoop-shaded-protobuf_3_21\1.2.0\hadoop-shaded-protobuf_3_21-1.2.0.jar;C:\Users\asus\.m2\repository\org\apache\hadoop\hadoop-annotations\3.4.0\hadoop-annotations-3.4.0.jar;C:\Users\asus\.m2\repository\org\apache\hadoop\thirdparty\hadoop-shaded-guava\1.2.0\hadoop-shaded-guava-1.2.0.jar;C:\Users\asus\.m2\repository\com\google\guava\guava\27.0-jre\guava-27.0-jre.jar;C:\Users\asus\.m2\repository\com\google\guava\failureaccess\1.0\failureaccess-1.0.jar;C:\Users\asus\.m2\repository\com\google\guava\listenablefuture\9999.0-empty-to-avoid-conflict-with-guava\listenablefuture-9999.0-empty-to-avoid-conflict-with-guava.jar;C:\Users\asus\.m2\repository\org\checkerframework\checker-qual\2.5.2\checker-qual-2.5.2.jar;C:\Users\asus\.m2\repository\com\google\j2objc\j2objc-annotations\1.1\j2objc-annotations-1.1.jar;C:\Users\asus\.m2\repository\org\codehaus\mojo\animal-sniffer-annotations\1.17\animal-sniffer-annotations-1.17.jar;C:\Users\asus\.m2\repository\commons-cli\commons-cli\1.5.0\commons-cli-1.5.0.jar;C:\Users\asus\.m2\repository\org\apache\commons\commons-math3\3.6.1\commons-math3-3.6.1.jar;C:\Users\asus\.m2\repository\org\apache\httpcomponents\httpclient\4.5.13\httpclient-4.5.13.jar;C:\Users\asus\.m2\repository\org\apache\httpcomponents\httpcore\4.4.13\httpcore-4.4.13.jar;C:\Users\asus\.m2\repository\commons-codec\commons-codec\1.15\commons-codec-1.15.jar;C:\Users\asus\.m2\repository\commons-io\commons-io\2.14.0\commons-io-2.14.0.jar;C:\Users\asus\.m2\repository\commons-net\commons-net\3.9.0\commons-net-3.9.0.jar;C:\Users\asus\.m2\repository\commons-collections\commons-collections\3.2.2\commons-collections-3.2.2.jar;C:\Users\asus\.m2\repository\javax\servlet\javax.servlet-api\3.1.0\javax.servlet-api-3.1.0.jar;C:\Users\asus\.m2\repository\jakarta\activation\jakarta.activation-api\1.2.1\jakarta.activation-api-1.2.1.jar;C:\Users\asus\.m2\repository\org\eclipse\jetty\jetty-server\9.4.53.v20231009\jetty-server-9.4.53.v20231009.jar;C:\Users\asus\.m2\repository\org\eclipse\jetty\jetty-http\9.4.53.v20231009\jetty-http-9.4.53.v20231009.jar;C:\Users\asus\.m2\repository\org\eclipse\jetty\jetty-io\9.4.53.v20231009\jetty-io-9.4.53.v20231009.jar;C:\Users\asus\.m2\repository\org\eclipse\jetty\jetty-util\9.4.53.v20231009\jetty-util-9.4.53.v20231009.jar;C:\Users\asus\.m2\repository\org\eclipse\jetty\jetty-servlet\9.4.53.v20231009\jetty-servlet-9.4.53.v20231009.jar;C:\Users\asus\.m2\repository\org\eclipse\jetty\jetty-security\9.4.53.v20231009\jetty-security-9.4.53.v20231009.jar;C:\Users\asus\.m2\repository\org\eclipse\jetty\jetty-util-ajax\9.4.53.v20231009\jetty-util-ajax-9.4.53.v20231009.jar;C:\Users\asus\.m2\repository\org\eclipse\jetty\jetty-webapp\9.4.53.v20231009\jetty-webapp-9.4.53.v20231009.jar;C:\Users\asus\.m2\repository\org\eclipse\jetty\jetty-xml\9.4.53.v20231009\jetty-xml-9.4.53.v20231009.jar;C:\Users\asus\.m2\repository\javax\servlet\jsp\jsp-api\2.1\jsp-api-2.1.jar;C:\Users\asus\.m2\repository\com\sun\jersey\jersey-core\1.19.4\jersey-core-1.19.4.jar;C:\Users\asus\.m2\repository\javax\ws\rs\jsr311-api\1.1.1\jsr311-api-1.1.1.jar;C:\Users\asus\.m2\repository\com\sun\jersey\jersey-servlet\1.19.4\jersey-servlet-1.19.4.jar;C:\Users\asus\.m2\repository\com\github\pjfanning\jersey-json\1.20\jersey-json-1.20.jar;C:\Users\asus\.m2\repository\com\sun\xml\bind\jaxb-impl\2.2.3-1\jaxb-impl-2.2.3-1.jar;C:\Users\asus\.m2\repository\org\codehaus\jettison\jettison\1.5.4\jettison-1.5.4.jar;C:\Users\asus\.m2\repository\com\sun\jersey\jersey-server\1.19.4\jersey-server-1.19.4.jar;C:\Users\asus\.m2\repository\ch\qos\reload4j\reload4j\1.2.22\reload4j-1.2.22.jar;C:\Users\asus\.m2\repository\commons-beanutils\commons-beanutils\1.9.4\commons-beanutils-1.9.4.jar;C:\Users\asus\.m2\repository\org\apache\commons\commons-configuration2\2.8.0\commons-configuration2-2.8.0.jar;C:\Users\asus\.m2\repository\org\apache\commons\commons-lang3\3.12.0\commons-lang3-3.12.0.jar;C:\Users\asus\.m2\repository\org\apache\commons\commons-text\1.10.0\commons-text-1.10.0.jar;C:\Users\asus\.m2\repository\org\slf4j\slf4j-api\1.7.36\slf4j-api-1.7.36.jar;C:\Users\asus\.m2\repository\org\slf4j\slf4j-reload4j\1.7.36\slf4j-reload4j-1.7.36.jar;C:\Users\asus\.m2\repository\org\apache\avro\avro\1.9.2\avro-1.9.2.jar;C:\Users\asus\.m2\repository\com\fasterxml\jackson\core\jackson-core\2.10.2\jackson-core-2.10.2.jar;C:\Users\asus\.m2\repository\com\google\re2j\re2j\1.1\re2j-1.1.jar;C:\Users\asus\.m2\repository\com\google\code\gson\gson\2.9.0\gson-2.9.0.jar;C:\Users\asus\.m2\repository\org\apache\hadoop\hadoop-auth\3.4.0\hadoop-auth-3.4.0.jar;C:\Users\asus\.m2\repository\com\nimbusds\nimbus-jose-jwt\9.31\nimbus-jose-jwt-9.31.jar;C:\Users\asus\.m2\repository\com\github\stephenc\jcip\jcip-annotations\1.0-1\jcip-annotations-1.0-1.jar;C:\Users\asus\.m2\repository\org\apache\curator\curator-framework\5.2.0\curator-framework-5.2.0.jar;C:\Users\asus\.m2\repository\org\apache\kerby\kerb-simplekdc\2.0.3\kerb-simplekdc-2.0.3.jar;C:\Users\asus\.m2\repository\org\apache\kerby\kerb-client\2.0.3\kerb-client-2.0.3.jar;C:\Users\asus\.m2\repository\org\apache\kerby\kerby-config\2.0.3\kerby-config-2.0.3.jar;C:\Users\asus\.m2\repository\org\apache\kerby\kerb-common\2.0.3\kerb-common-2.0.3.jar;C:\Users\asus\.m2\repository\org\apache\kerby\kerb-crypto\2.0.3\kerb-crypto-2.0.3.jar;C:\Users\asus\.m2\repository\org\apache\kerby\kerb-util\2.0.3\kerb-util-2.0.3.jar;C:\Users\asus\.m2\repository\org\apache\kerby\token-provider\2.0.3\token-provider-2.0.3.jar;C:\Users\asus\.m2\repository\org\apache\kerby\kerb-admin\2.0.3\kerb-admin-2.0.3.jar;C:\Users\asus\.m2\repository\org\apache\kerby\kerb-server\2.0.3\kerb-server-2.0.3.jar;C:\Users\asus\.m2\repository\org\apache\kerby\kerb-identity\2.0.3\kerb-identity-2.0.3.jar;C:\Users\asus\.m2\repository\org\apache\kerby\kerby-xdr\2.0.3\kerby-xdr-2.0.3.jar;C:\Users\asus\.m2\repository\com\jcraft\jsch\0.1.55\jsch-0.1.55.jar;C:\Users\asus\.m2\repository\org\apache\curator\curator-client\5.2.0\curator-client-5.2.0.jar;C:\Users\asus\.m2\repository\org\apache\curator\curator-recipes\5.2.0\curator-recipes-5.2.0.jar;C:\Users\asus\.m2\repository\com\google\code\findbugs\jsr305\3.0.2\jsr305-3.0.2.jar;C:\Users\asus\.m2\repository\org\apache\zookeeper\zookeeper\3.8.3\zookeeper-3.8.3.jar;C:\Users\asus\.m2\repository\org\apache\zookeeper\zookeeper-jute\3.8.3\zookeeper-jute-3.8.3.jar;C:\Users\asus\.m2\repository\org\apache\yetus\audience-annotations\0.12.0\audience-annotations-0.12.0.jar;C:\Users\asus\.m2\repository\ch\qos\logback\logback-core\1.2.10\logback-core-1.2.10.jar;C:\Users\asus\.m2\repository\ch\qos\logback\logback-classic\1.2.10\logback-classic-1.2.10.jar;C:\Users\asus\.m2\repository\io\netty\netty-handler\4.1.100.Final\netty-handler-4.1.100.Final.jar;C:\Users\asus\.m2\repository\io\netty\netty-common\4.1.100.Final\netty-common-4.1.100.Final.jar;C:\Users\asus\.m2\repository\io\netty\netty-resolver\4.1.100.Final\netty-resolver-4.1.100.Final.jar;C:\Users\asus\.m2\repository\io\netty\netty-buffer\4.1.100.Final\netty-buffer-4.1.100.Final.jar;C:\Users\asus\.m2\repository\io\netty\netty-transport\4.1.100.Final\netty-transport-4.1.100.Final.jar;C:\Users\asus\.m2\repository\io\netty\netty-transport-native-unix-common\4.1.100.Final\netty-transport-native-unix-common-4.1.100.Final.jar;C:\Users\asus\.m2\repository\io\netty\netty-codec\4.1.100.Final\netty-codec-4.1.100.Final.jar;C:\Users\asus\.m2\repository\io\netty\netty-transport-native-epoll\4.1.100.Final\netty-transport-native-epoll-4.1.100.Final.jar;C:\Users\asus\.m2\repository\io\netty\netty-transport-classes-epoll\4.1.100.Final\netty-transport-classes-epoll-4.1.100.Final.jar;C:\Users\asus\.m2\repository\io\dropwizard\metrics\metrics-core\3.2.4\metrics-core-3.2.4.jar;C:\Users\asus\.m2\repository\org\apache\commons\commons-compress\1.24.0\commons-compress-1.24.0.jar;C:\Users\asus\.m2\repository\org\bouncycastle\bcprov-jdk15on\1.70\bcprov-jdk15on-1.70.jar;C:\Users\asus\.m2\repository\org\apache\kerby\kerb-core\2.0.3\kerb-core-2.0.3.jar;C:\Users\asus\.m2\repository\org\apache\kerby\kerby-pkix\2.0.3\kerby-pkix-2.0.3.jar;C:\Users\asus\.m2\repository\org\apache\kerby\kerby-asn1\2.0.3\kerby-asn1-2.0.3.jar;C:\Users\asus\.m2\repository\org\apache\kerby\kerby-util\2.0.3\kerby-util-2.0.3.jar;C:\Users\asus\.m2\repository\com\fasterxml\jackson\core\jackson-databind\2.12.7.1\jackson-databind-2.12.7.1.jar;C:\Users\asus\.m2\repository\com\fasterxml\jackson\core\jackson-annotations\2.12.7\jackson-annotations-2.12.7.jar;C:\Users\asus\.m2\repository\org\codehaus\woodstox\stax2-api\4.2.1\stax2-api-4.2.1.jar;C:\Users\asus\.m2\repository\com\fasterxml\woodstox\woodstox-core\5.4.0\woodstox-core-5.4.0.jar;C:\Users\asus\.m2\repository\dnsjava\dnsjava\3.4.0\dnsjava-3.4.0.jar;C:\Users\asus\.m2\repository\org\xerial\snappy\snappy-java\1.1.10.4\snappy-java-1.1.10.4.jar;C:\Users\asus\.m2\repository\org\apache\hadoop\hadoop-mapreduce-client-core\3.4.0\hadoop-mapreduce-client-core-3.4.0.jar;C:\Users\asus\.m2\repository\org\apache\hadoop\hadoop-yarn-client\3.4.0\hadoop-yarn-client-3.4.0.jar;C:\Users\asus\.m2\repository\org\eclipse\jetty\websocket\websocket-client\9.4.53.v20231009\websocket-client-9.4.53.v20231009.jar;C:\Users\asus\.m2\repository\org\eclipse\jetty\jetty-client\9.4.53.v20231009\jetty-client-9.4.53.v20231009.jar;C:\Users\asus\.m2\repository\org\eclipse\jetty\websocket\websocket-common\9.4.53.v20231009\websocket-common-9.4.53.v20231009.jar;C:\Users\asus\.m2\repository\org\eclipse\jetty\websocket\websocket-api\9.4.53.v20231009\websocket-api-9.4.53.v20231009.jar;C:\Users\asus\.m2\repository\org\jline\jline\3.9.0\jline-3.9.0.jar;C:\Users\asus\.m2\repository\org\apache\hadoop\hadoop-yarn-common\3.4.0\hadoop-yarn-common-3.4.0.jar;C:\Users\asus\.m2\repository\javax\xml\bind\jaxb-api\2.2.11\jaxb-api-2.2.11.jar;C:\Users\asus\.m2\repository\com\sun\jersey\jersey-client\1.19.4\jersey-client-1.19.4.jar;C:\Users\asus\.m2\repository\com\google\inject\guice\4.2.3\guice-4.2.3.jar;C:\Users\asus\.m2\repository\javax\inject\javax.inject\1\javax.inject-1.jar;C:\Users\asus\.m2\repository\aopalliance\aopalliance\1.0\aopalliance-1.0.jar;C:\Users\asus\.m2\repository\com\sun\jersey\contribs\jersey-guice\1.19.4\jersey-guice-1.19.4.jar;C:\Users\asus\.m2\repository\com\fasterxml\jackson\module\jackson-module-jaxb-annotations\2.12.7\jackson-module-jaxb-annotations-2.12.7.jar;C:\Users\asus\.m2\repository\jakarta\xml\bind\jakarta.xml.bind-api\2.3.2\jakarta.xml.bind-api-2.3.2.jar;C:\Users\asus\.m2\repository\com\fasterxml\jackson\jaxrs\jackson-jaxrs-json-provider\2.12.7\jackson-jaxrs-json-provider-2.12.7.jar;C:\Users\asus\.m2\repository\com\fasterxml\jackson\jaxrs\jackson-jaxrs-base\2.12.7\jackson-jaxrs-base-2.12.7.jar;C:\Users\asus\.m2\repository\org\apache\hadoop\hadoop-hdfs-client\3.4.0\hadoop-hdfs-client-3.4.0.jar;C:\Users\asus\.m2\repository\com\google\inject\extensions\guice-servlet\4.2.3\guice-servlet-4.2.3.jar;C:\Users\asus\.m2\repository\io\netty\netty-all\4.1.100.Final\netty-all-4.1.100.Final.jar;C:\Users\asus\.m2\repository\io\netty\netty-codec-dns\4.1.100.Final\netty-codec-dns-4.1.100.Final.jar;C:\Users\asus\.m2\repository\io\netty\netty-codec-haproxy\4.1.100.Final\netty-codec-haproxy-4.1.100.Final.jar;C:\Users\asus\.m2\repository\io\netty\netty-codec-http\4.1.100.Final\netty-codec-http-4.1.100.Final.jar;C:\Users\asus\.m2\repository\io\netty\netty-codec-http2\4.1.100.Final\netty-codec-http2-4.1.100.Final.jar;C:\Users\asus\.m2\repository\io\netty\netty-codec-memcache\4.1.100.Final\netty-codec-memcache-4.1.100.Final.jar;C:\Users\asus\.m2\repository\io\netty\netty-codec-mqtt\4.1.100.Final\netty-codec-mqtt-4.1.100.Final.jar;C:\Users\asus\.m2\repository\io\netty\netty-codec-redis\4.1.100.Final\netty-codec-redis-4.1.100.Final.jar;C:\Users\asus\.m2\repository\io\netty\netty-codec-smtp\4.1.100.Final\netty-codec-smtp-4.1.100.Final.jar;C:\Users\asus\.m2\repository\io\netty\netty-codec-socks\4.1.100.Final\netty-codec-socks-4.1.100.Final.jar;C:\Users\asus\.m2\repository\io\netty\netty-codec-stomp\4.1.100.Final\netty-codec-stomp-4.1.100.Final.jar;C:\Users\asus\.m2\repository\io\netty\netty-codec-xml\4.1.100.Final\netty-codec-xml-4.1.100.Final.jar;C:\Users\asus\.m2\repository\io\netty\netty-handler-proxy\4.1.100.Final\netty-handler-proxy-4.1.100.Final.jar;C:\Users\asus\.m2\repository\io\netty\netty-handler-ssl-ocsp\4.1.100.Final\netty-handler-ssl-ocsp-4.1.100.Final.jar;C:\Users\asus\.m2\repository\io\netty\netty-resolver-dns\4.1.100.Final\netty-resolver-dns-4.1.100.Final.jar;C:\Users\asus\.m2\repository\io\netty\netty-transport-rxtx\4.1.100.Final\netty-transport-rxtx-4.1.100.Final.jar;C:\Users\asus\.m2\repository\io\netty\netty-transport-sctp\4.1.100.Final\netty-transport-sctp-4.1.100.Final.jar;C:\Users\asus\.m2\repository\io\netty\netty-transport-udt\4.1.100.Final\netty-transport-udt-4.1.100.Final.jar;C:\Users\asus\.m2\repository\io\netty\netty-transport-classes-kqueue\4.1.100.Final\netty-transport-classes-kqueue-4.1.100.Final.jar;C:\Users\asus\.m2\repository\io\netty\netty-resolver-dns-classes-macos\4.1.100.Final\netty-resolver-dns-classes-macos-4.1.100.Final.jar;C:\Users\asus\.m2\repository\io\netty\netty-transport-native-epoll\4.1.100.Final\netty-transport-native-epoll-4.1.100.Final-linux-x86_64.jar;C:\Users\asus\.m2\repository\io\netty\netty-transport-native-epoll\4.1.100.Final\netty-transport-native-epoll-4.1.100.Final-linux-aarch_64.jar;C:\Users\asus\.m2\repository\io\netty\netty-transport-native-kqueue\4.1.100.Final\netty-transport-native-kqueue-4.1.100.Final-osx-x86_64.jar;C:\Users\asus\.m2\repository\io\netty\netty-transport-native-kqueue\4.1.100.Final\netty-transport-native-kqueue-4.1.100.Final-osx-aarch_64.jar;C:\Users\asus\.m2\repository\io\netty\netty-resolver-dns-native-macos\4.1.100.Final\netty-resolver-dns-native-macos-4.1.100.Final-osx-x86_64.jar;C:\Users\asus\.m2\repository\io\netty\netty-resolver-dns-native-macos\4.1.100.Final\netty-resolver-dns-native-macos-4.1.100.Final-osx-aarch_64.jar;C:\Users\asus\.m2\repository\org\apache\hadoop\hadoop-client\3.4.0\hadoop-client-3.4.0.jar;C:\Users\asus\.m2\repository\org\apache\hadoop\hadoop-yarn-api\3.4.0\hadoop-yarn-api-3.4.0.jar;C:\Users\asus\.m2\repository\com\google\protobuf\protobuf-java\2.5.0\protobuf-java-2.5.0.jar;C:\Users\asus\.m2\repository\org\apache\hadoop\hadoop-mapreduce-client-jobclient\3.4.0\hadoop-mapreduce-client-jobclient-3.4.0.jar;C:\Users\asus\.m2\repository\org\apache\hadoop\hadoop-mapreduce-client-common\3.4.0\hadoop-mapreduce-client-common-3.4.0.jar;C:\Users\asus\.m2\repository\commons-logging\commons-logging\1.2\commons-logging-1.2.jar;C:\Users\asus\.m2\repository\junit\junit\4.13.2\junit-4.13.2.jar;C:\Users\asus\.m2\repository\org\hamcrest\hamcrest-core\1.3\hamcrest-core-1.3.jar;C:\Users\asus\.m2\repository\com\opencsv\opencsv\5.7.1\opencsv-5.7.1.jar;C:\Users\asus\.m2\repository\org\apache\commons\commons-collections4\4.4\commons-collections4-4.4.jar;"/>
    <property name="sun.cpu.endian" value="little"/>
    <property name="user.home" value="C:\Users\asus"/>
    <property name="user.language" value="zh"/>
    <property name="java.specification.vendor" value="Oracle Corporation"/>
    <property name="java.version.date" value="2024-04-16"/>
    <property name="java.home" value="C:\Program Files\Java\jdk-11"/>
    <property name="file.separator" value="\"/>
    <property name="basedir" value="C:\Users\asus\Desktop\金融大数据\Homework_5\homework_5_2\homework"/>
    <property name="java.vm.compressedOopsMode" value="Zero based"/>
    <property name="line.separator" value="&#10;"/>
    <property name="java.specification.name" value="Java Platform API Specification"/>
    <property name="java.vm.specification.vendor" value="Oracle Corporation"/>
    <property name="java.awt.graphicsenv" value="sun.awt.Win32GraphicsEnvironment"/>
    <property name="surefire.real.class.path" value="C:\Users\asus\AppData\Local\Temp\surefire6752098624164317361\surefirebooter-20241024191828633_3.jar"/>
    <property name="user.script" value=""/>
    <property name="sun.management.compiler" value="HotSpot 64-Bit Tiered Compilers"/>
    <property name="java.runtime.version" value="11.0.23+7-LTS-222"/>
    <property name="user.name" value="asus"/>
    <property name="path.separator" value=";"/>
    <property name="os.version" value="10.0"/>
    <property name="java.runtime.name" value="Java(TM) SE Runtime Environment"/>
    <property name="file.encoding" value="GBK"/>
    <property name="java.vm.name" value="Java HotSpot(TM) 64-Bit Server VM"/>
    <property name="java.vendor.version" value="18.9"/>
    <property name="localRepository" value="C:\Users\asus\.m2\repository"/>
    <property name="java.vendor.url.bug" value="https://bugreport.java.com/bugreport/"/>
    <property name="java.io.tmpdir" value="C:\Users\asus\AppData\Local\Temp\"/>
    <property name="java.version" value="11.0.23"/>
    <property name="user.dir" value="C:\Users\asus\Desktop\金融大数据\Homework_5\homework_5_2\homework"/>
    <property name="os.arch" value="amd64"/>
    <property name="java.vm.specification.name" value="Java Virtual Machine Specification"/>
    <property name="java.awt.printerjob" value="sun.awt.windows.WPrinterJob"/>
    <property name="sun.os.patch.level" value=""/>
    <property name="java.library.path" value="C:\Program Files\Java\jdk-11\bin;C:\WINDOWS\Sun\Java\bin;C:\WINDOWS\system32;C:\WINDOWS;C:\Program Files\Common Files\Oracle\Java\javapath;C:\Program Files (x86)\Common Files\Oracle\Java\java8path;C:\Program Files (x86)\Common Files\Oracle\Java\javapath;D:\MPICH\Bin\;E:\VMware\bin\;C:\Windows\system32;C:\Windows;C:\Windows\System32\Wbem;C:\Windows\System32\WindowsPowerShell\v1.0\;C:\Windows\System32\OpenSSH\;C:\Program Files (x86)\NVIDIA Corporation\PhysX\Common;C:\Program Files\NVIDIA Corporation\NVIDIA NvDLISR;C:\Program Files\Bandizip\;C:\mingw64\bin;C:\WINDOWS\system32;C:\WINDOWS;C:\WINDOWS\System32\Wbem;C:\WINDOWS\System32\WindowsPowerShell\v1.0\;C:\WINDOWS\System32\OpenSSH\;C:\Program Files\MATLAB\R2023a\bin;D:\Node.exe\;D:\Git\Git\cmd;C:\Program Files\dotnet\;D:\Maven\apache-maven-3.9.9\bin;C:\Program Files\Java\jdk-11\bin;C:\Users\asus\AppData\Local\Programs\Python\Python311\Scripts\;C:\Users\asus\AppData\Local\Programs\Python\Python311\;D:\Python\Python3.10.7\Scripts\;D:\Python\Python3.10.7\;C:\Users\asus\AppData\Local\Microsoft\WindowsApps;C:\mingw64\bin;C:\Users\asus\AppData\Local\Programs\Microsoft VS Code\bin;D:\PyCharm Community Edition 2023.2\bin;;C:\Users\asus\AppData\Local\GitHubDesktop\bin;E:\Latex\texlive\2023\bin\windows;C:\Users\asus\AppData\Roaming\npm;C:\Program Files\MySQL\MySQL Server 8.4\bin;C:\Users\asus\.dotnet\tools;D:\Maven\apache-maven-3.9.9\bin;C:\Program Files\Java\jdk-11\bin;;."/>
    <property name="java.vendor" value="Oracle Corporation"/>
    <property name="java.vm.info" value="mixed mode"/>
    <property name="java.vm.version" value="11.0.23+7-LTS-222"/>
    <property name="java.specification.maintenance.version" value="2"/>
    <property name="sun.io.unicode.encoding" value="UnicodeLittle"/>
    <property name="java.class.version" value="55.0"/>
  </properties>
  <testcase name="testApp" classname="com.AppTest" time="0.002"/>
</testsuite>